This is pdfTeX, Version 3.14159265-2.6-1.40.15 (TeX Live 2014) (preloaded format=pdflatex 2014.5.25)  23 APR 2015 18:45
entering extended mode
 restricted \write18 enabled.
 %&-line parsing enabled.
**thesis
(./thesis.tex
LaTeX2e <2014/05/01>
Babel <3.9k> and hyphenation patterns for 78 languages loaded.
(./mitthesis.cls
Document Class: mitthesis 1999/10/20
\vithesis=\count79
(/usr/local/texlive/2014/texmf-dist/tex/latex/base/report.cls
Document Class: report 2007/10/19 v1.4h Standard LaTeX document class
(/usr/local/texlive/2014/texmf-dist/tex/latex/base/size12.clo
File: size12.clo 2007/10/19 v1.4h Standard LaTeX file (size option)
)
\c@part=\count80
\c@chapter=\count81
\c@section=\count82
\c@subsection=\count83
\c@subsubsection=\count84
\c@paragraph=\count85
\c@subparagraph=\count86
\c@figure=\count87
\c@table=\count88
\abovecaptionskip=\skip41
\belowcaptionskip=\skip42
\bibindent=\dimen102
)
(/usr/local/texlive/2014/texmf-dist/tex/latex/setspace/setspace.sty
Package: setspace 2011/12/19 v6.7a set line spacing
)
Thesis document copyright MIT unless otherwise (manually) specified
\@titlesupervisor=\box26
\@abstractsupervisor=\box27
\c@savepage=\count89
) (./lgrind.sty
Package: lgrind 1997/01/30 v3.4 LGrind environment and supporting stuff
\lc@unt=\count90
\ln@xt=\count91
\LGnuminterval=\count92
\LGindent=\skip43
\LGsloppy=\skip44
\procbox=\box28
\ls@far=\box29
\tb@x=\box30
\TBw@d=\dimen103
\@ts=\dimen104
) (/usr/local/texlive/2014/texmf-dist/tex/latex/cmap/cmap.sty
Package: cmap 2008/03/06 v1.0h CMap support: searchable PDF
)
(/usr/local/texlive/2014/texmf-dist/tex/latex/base/fontenc.sty
Package: fontenc 2005/09/27 v1.99g Standard LaTeX package

(/usr/local/texlive/2014/texmf-dist/tex/latex/base/t1enc.def
File: t1enc.def 2005/09/27 v1.99g Standard LaTeX file
LaTeX Font Info:    Redeclaring font encoding T1 on input line 43.
)<<t1.cmap>>)
(/usr/local/texlive/2014/texmf-dist/tex/latex/biblatex-chicago/biblatex-chicago
.sty
Package: biblatex-chicago 2013/10/29 v 2.8 biblatex style
 (/usr/local/texlive/2014/texmf-dist/tex/latex/etoolbox/etoolbox.sty
Package: etoolbox 2011/01/03 v2.1 e-TeX tools for LaTeX

(/usr/local/texlive/2014/texmf-dist/tex/latex/etex-pkg/etex.sty
Package: etex 1998/03/26 v2.0 eTeX basic definition package (PEB)
\et@xins=\count93
)
\etb@tempcnta=\count94
)
(/usr/local/texlive/2014/texmf-dist/tex/latex/biblatex/biblatex.sty
Package: biblatex 2013/11/25 v2.8a programmable bibliographies (PK/JW/AB)

(/usr/local/texlive/2014/texmf-dist/tex/latex/biblatex/biblatex2.sty
Package: biblatex2 2013/11/25 v2.8a programmable bibliographies (biber) (PK/JW/
AB)

(/usr/local/texlive/2014/texmf-dist/tex/latex/graphics/keyval.sty
Package: keyval 2014/05/08 v1.15 key=value parser (DPC)
\KV@toks@=\toks14
)
(/usr/local/texlive/2014/texmf-dist/tex/latex/oberdiek/kvoptions.sty
Package: kvoptions 2011/06/30 v3.11 Key value format for package options (HO)

(/usr/local/texlive/2014/texmf-dist/tex/generic/oberdiek/ltxcmds.sty
Package: ltxcmds 2011/11/09 v1.22 LaTeX kernel commands for general use (HO)
)
(/usr/local/texlive/2014/texmf-dist/tex/generic/oberdiek/kvsetkeys.sty
Package: kvsetkeys 2012/04/25 v1.16 Key value parser (HO)

(/usr/local/texlive/2014/texmf-dist/tex/generic/oberdiek/infwarerr.sty
Package: infwarerr 2010/04/08 v1.3 Providing info/warning/error messages (HO)
)
(/usr/local/texlive/2014/texmf-dist/tex/generic/oberdiek/etexcmds.sty
Package: etexcmds 2011/02/16 v1.5 Avoid name clashes with e-TeX commands (HO)

(/usr/local/texlive/2014/texmf-dist/tex/generic/oberdiek/ifluatex.sty
Package: ifluatex 2010/03/01 v1.3 Provides the ifluatex switch (HO)
Package ifluatex Info: LuaTeX not detected.
)
Package etexcmds Info: Could not find \expanded.
(etexcmds)             That can mean that you are not using pdfTeX 1.50 or
(etexcmds)             that some package has redefined \expanded.
(etexcmds)             In the latter case, load this package earlier.
)))
(/usr/local/texlive/2014/texmf-dist/tex/latex/logreq/logreq.sty
Package: logreq 2010/08/04 v1.0 xml request logger
\lrq@indent=\count95

(/usr/local/texlive/2014/texmf-dist/tex/latex/logreq/logreq.def
File: logreq.def 2010/08/04 v1.0 logreq spec v1.0
))
(/usr/local/texlive/2014/texmf-dist/tex/latex/base/ifthen.sty
Package: ifthen 2001/05/26 v1.1c Standard LaTeX ifthen package (DPC)
)
(/usr/local/texlive/2014/texmf-dist/tex/latex/url/url.sty
\Urlmuskip=\muskip10
Package: url 2013/09/16  ver 3.4  Verb mode for urls, etc.
)
\c@tabx@nest=\count96
\c@listtotal=\count97
\c@listcount=\count98
\c@liststart=\count99
\c@liststop=\count100
\c@citecount=\count101
\c@citetotal=\count102
\c@multicitecount=\count103
\c@multicitetotal=\count104
\c@instcount=\count105
\c@maxnames=\count106
\c@minnames=\count107
\c@maxitems=\count108
\c@minitems=\count109
\c@citecounter=\count110
\c@savedcitecounter=\count111
\c@uniquelist=\count112
\c@uniquename=\count113
\c@refsection=\count114
\c@refsegment=\count115
\c@maxextratitle=\count116
\c@maxextratitleyear=\count117
\c@maxextrayear=\count118
\c@maxextraalpha=\count119
\c@abbrvpenalty=\count120
\c@highnamepenalty=\count121
\c@lownamepenalty=\count122
\c@maxparens=\count123
\c@parenlevel=\count124
\blx@tempcnta=\count125
\blx@tempcntb=\count126
\blx@tempcntc=\count127
\blx@maxsection=\count128
\blx@maxsegment@0=\count129
\blx@notetype=\count130
\blx@parenlevel@text=\count131
\blx@parenlevel@foot=\count132
\blx@sectionciteorder@0=\count133
\labelnumberwidth=\skip45
\labelalphawidth=\skip46
\shorthandwidth=\skip47
\biblabelsep=\skip48
\bibitemsep=\skip49
\bibnamesep=\skip50
\bibinitsep=\skip51
\bibparsep=\skip52
\bibhang=\skip53
\blx@bcfin=\read1
\blx@bcfout=\write3
\c@mincomprange=\count134
\c@maxcomprange=\count135
\c@mincompwidth=\count136
Package biblatex Info: Trying to load biblatex default data model...
Package biblatex Info: ... file 'blx-dm.def' found.

(/usr/local/texlive/2014/texmf-dist/tex/latex/biblatex/blx-dm.def)
Package biblatex Info: Trying to load biblatex style data model...
Package biblatex Info: ... file 'chicago-notes.dbx' not found.
Package biblatex Info: Trying to load biblatex custom data model...
Package biblatex Info: ... file 'biblatex-dm.cfg' not found.
\c@afterword=\count137
\c@savedafterword=\count138
\c@annotator=\count139
\c@savedannotator=\count140
\c@author=\count141
\c@savedauthor=\count142
\c@bookauthor=\count143
\c@savedbookauthor=\count144
\c@commentator=\count145
\c@savedcommentator=\count146
\c@editor=\count147
\c@savededitor=\count148
\c@editora=\count149
\c@savededitora=\count150
\c@editorb=\count151
\c@savededitorb=\count152
\c@editorc=\count153
\c@savededitorc=\count154
\c@foreword=\count155
\c@savedforeword=\count156
\c@holder=\count157
\c@savedholder=\count158
\c@introduction=\count159
\c@savedintroduction=\count160
\c@namea=\count161
\c@savednamea=\count162
\c@nameb=\count163
\c@savednameb=\count164
\c@namec=\count165
\c@savednamec=\count166
\c@shortauthor=\count167
\c@savedshortauthor=\count168
\c@shorteditor=\count169
\c@savedshorteditor=\count170
\c@translator=\count171
\c@savedtranslator=\count172
\c@labelname=\count173
\c@savedlabelname=\count174
\c@institution=\count175
\c@savedinstitution=\count176
\c@lista=\count177
\c@savedlista=\count178
\c@listb=\count179
\c@savedlistb=\count180
\c@listc=\count181
\c@savedlistc=\count182
\c@listd=\count183
\c@savedlistd=\count184
\c@liste=\count185
\c@savedliste=\count186
\c@listf=\count187
\c@savedlistf=\count188
\c@location=\count189
\c@savedlocation=\count190
\c@organization=\count191
\c@savedorganization=\count192
\c@origlocation=\count193
\c@savedoriglocation=\count194
\c@origpublisher=\count195
\c@savedorigpublisher=\count196
\c@publisher=\count197
\c@savedpublisher=\count198
\c@language=\count199
\c@savedlanguage=\count200
\c@pageref=\count201
\c@savedpageref=\count202
Package biblatex Info: Trying to load compatibility code...
Package biblatex Info: ... file 'blx-compat.def' found.

(/usr/local/texlive/2014/texmf-dist/tex/latex/biblatex/blx-compat.def
File: blx-compat.def 2013/11/25 v2.8a biblatex compatibility (PK/JW/AB)
)
Package biblatex Info: Trying to load generic definitions...
Package biblatex Info: ... file 'biblatex.def' found.

(/usr/local/texlive/2014/texmf-dist/tex/latex/biblatex/biblatex.def
File: biblatex.def 
\c@textcitecount=\count203
\c@textcitetotal=\count204
\c@textcitemaxnames=\count205
\c@biburlnumpenalty=\count206
\c@biburlucpenalty=\count207
\c@biburllcpenalty=\count208
\c@smartand=\count209
)
Package biblatex Info: Trying to load bibliography style 'chicago-notes'...
Package biblatex Info: ... file 'chicago-notes.bbx' found.

(/usr/local/texlive/2014/texmf-dist/tex/latex/biblatex-chicago/chicago-notes.bb
x
File: chicago-notes.bbx 2013/10/29 v 2.8 biblatex bibliography style
\lositemsep=\skip54
)
Package biblatex Info: Trying to load citation style 'chicago-notes'...
Package biblatex Info: ... file 'chicago-notes.cbx' found.

(/usr/local/texlive/2014/texmf-dist/tex/latex/biblatex-chicago/chicago-notes.cb
x
File: chicago-notes.cbx 2014/01/29 v 2.8a biblatex citation style
Package biblatex Info: Redefining '\cite'.
Package biblatex Info: Redefining '\parencite'.
Package biblatex Info: Redefining '\footcite'.
Package biblatex Info: Redefining '\smartcite'.
Package biblatex Info: Redefining '\smartcites'.
Package biblatex Info: Redefining '\footfullcite'.
Package biblatex Info: Redefining '\fullcite'.
Package biblatex Info: Redefining '\citeauthor'.
Package biblatex Info: Redefining '\textcite'.
Package biblatex Info: Redefining '\textcites'.
)
Package biblatex Info: Trying to load configuration file...
Package biblatex Info: ... file 'biblatex.cfg' found.
 (/usr/local/texlive/2014/texmf-dist/tex/latex/biblatex/biblatex.cfg
File: biblatex.cfg 
))))
(/usr/local/texlive/2014/texmf-dist/tex/latex/csquotes/csquotes.sty
Package: csquotes 2011/10/22 v5.1d context-sensitive quotations
\csq@reset=\count210
\csq@gtype=\count211
\csq@glevel=\count212
\csq@qlevel=\count213
\csq@maxlvl=\count214
\csq@tshold=\count215
\csq@ltx@everypar=\toks15

(/usr/local/texlive/2014/texmf-dist/tex/latex/csquotes/csquotes.def
File: csquotes.def 2011/10/22 v5.1d csquotes generic definitions
)
Package csquotes Info: Trying to load configuration file 'csquotes.cfg'...
Package csquotes Info: ... configuration file loaded successfully.

(/usr/local/texlive/2014/texmf-dist/tex/latex/csquotes/csquotes.cfg
File: csquotes.cfg 
)
Package csquotes Info: Enabling multilingual quotes.
)
Enter file names to process, (chap1,chap2 ...), or `all' to process all files:

\files=all
Including all files.
Package biblatex Info: Trying to load language 'english' -> 'cms-american'...
Package biblatex Info: ... file 'cms-american.lbx' found.

(/usr/local/texlive/2014/texmf-dist/tex/latex/biblatex-chicago/cms-american.lbx
File: cms-american.lbx 2013/10/29 v 2.8 biblatex localization
Package biblatex Info: Trying to load language 'american'...
Package biblatex Info: ... file 'american.lbx' found.
(/usr/local/texlive/2014/texmf-dist/tex/latex/biblatex/lbx/american.lbx
File: american.lbx 2013/11/25 v2.8a biblatex localization (PK/JW/AB)
Package biblatex Info: Trying to load language 'english'...
Package biblatex Info: ... file 'english.lbx' found.

(/usr/local/texlive/2014/texmf-dist/tex/latex/biblatex/lbx/english.lbx
File: english.lbx 2013/11/25 v2.8a biblatex localization (PK/JW/AB)
)))

Package biblatex Warning: Missing 'hyperref' package.
(biblatex)                Setting hyperref=false.

Package csquotes Info: Checking for multilingual support...
Package csquotes Info: ... none found.

Package csquotes Warning: No multilingual support.
(csquotes)                Cannot enable multilingual quotes on input line 48.

(./thesis.aux (./front/cover.aux) (./front/toc.aux) (./chaps/preface.aux)
(./chaps/intro.aux) (./chaps/chap1.aux) (./chaps/chap2.aux) (./chaps/chap3.aux)
(./chaps/chap4.aux) (./chaps/conc.aux) (./biblio/biblio.aux))
\openout1 = `thesis.aux'.

LaTeX Font Info:    Checking defaults for OML/cmm/m/it on input line 48.
LaTeX Font Info:    ... okay on input line 48.
LaTeX Font Info:    Checking defaults for T1/cmr/m/n on input line 48.
LaTeX Font Info:    ... okay on input line 48.
LaTeX Font Info:    Checking defaults for OT1/cmr/m/n on input line 48.
LaTeX Font Info:    ... okay on input line 48.
LaTeX Font Info:    Checking defaults for OMS/cmsy/m/n on input line 48.
LaTeX Font Info:    ... okay on input line 48.
LaTeX Font Info:    Checking defaults for OMX/cmex/m/n on input line 48.
LaTeX Font Info:    ... okay on input line 48.
LaTeX Font Info:    Checking defaults for U/cmr/m/n on input line 48.
LaTeX Font Info:    ... okay on input line 48.
Package biblatex Info: No input encoding detected.
(biblatex)             Assuming 'ascii'.
Package biblatex Info: Data encoding 'utf8' specified.
(biblatex)             Backend will reencode on the fly.
\openout3 = `thesis.bcf'.

Package biblatex Info: Trying to load bibliographic data...
Package biblatex Info: ... file 'thesis.bbl' found.
 (./thesis.bbl)
Package biblatex Info: Reference section=0 on input line 48.
Package biblatex Info: Reference segment=0 on input line 48.
\openout2 = `front/cover.aux'.


(./front/cover.tex
LaTeX Font Info:    Try loading font information for OMS+cmr on input line 91.
 (/usr/local/texlive/2014/texmf-dist/tex/latex/base/omscmr.fd
File: omscmr.fd 1999/05/25 v2.5h Standard LaTeX font definitions
)
LaTeX Font Info:    Font shape `OMS/cmr/m/n' in size <14.4> not available
(Font)              Font shape `OMS/cmsy/m/n' tried instead on input line 91.
<<oms.cmap>> [1



{/usr/local/texlive/2014/texmf-var/fonts/map/pdftex/updmap/pdftex.map}] [2

] (./front/abstract.tex) [3

] [4

]) [5]
\openout2 = `front/toc.aux'.

 (./front/toc.tex [6



]
(./thesis.toc<<ot1.cmap>><<oml.cmap>>
LaTeX Font Info:    External font `cmex10' loaded for size
(Font)              <12> on input line 3.
<<omx.cmap>>
LaTeX Font Info:    External font `cmex10' loaded for size
(Font)              <8> on input line 3.
LaTeX Font Info:    External font `cmex10' loaded for size
(Font)              <6> on input line 3.
 [7])
\tf@toc=\write4
\openout4 = `thesis.toc'.

 [8])
\openout2 = `chaps/preface.aux'.


(./chaps/preface.tex
LaTeX Font Info:    Try loading font information for T1+cmtt on input line 5.

(/usr/local/texlive/2014/texmf-dist/tex/latex/base/t1cmtt.fd
File: t1cmtt.fd 1999/05/25 v2.5h Standard LaTeX font definitions
)
Underfull \vbox (badness 10000) has occurred while \output is active []

 [9


])
[10]
\openout2 = `chaps/intro.aux'.

 (./chaps/intro.tex
Chapter 1.
Package biblatex Info: Resetting trackers on input line 1.
LaTeX Font Info:    External font `cmex10' loaded for size
(Font)              <7> on input line 3.
LaTeX Font Info:    External font `cmex10' loaded for size
(Font)              <5> on input line 3.
[11



]
Underfull \vbox (badness 4072) has occurred while \output is active []

 [12]
[13]
Underfull \vbox (badness 10000) has occurred while \output is active []

 [14]
[15]
Underfull \vbox (badness 3364) has occurred while \output is active []

 [16]

LaTeX Warning: Command \textquoteright invalid in math mode on input line 34.

[17] [18]
Underfull \vbox (badness 1810) has occurred while \output is active []

 [19]
Underfull \vbox (badness 2538) has occurred while \output is active []

 [20]
[21]) [22]
\openout2 = `chaps/chap1.aux'.

 (./chaps/chap1.tex
Chapter 2.
Package biblatex Info: Resetting trackers on input line 1.
[23



] [24] [25] [26] [27] [28] [29] [30] [31] [32]
Underfull \vbox (badness 1688) has occurred while \output is active []

 [33]
[34] [35]

LaTeX Warning: Command \textquoteright invalid in math mode on input line 82.

[36]
Overfull \hbox (5.64285pt too wide) in paragraph at lines 88--89
\T1/cmr/m/n/12 or its most spe-cific (like ``pbs.twimg.com/media/Bm6QZAGCQAADEO
k.png''). Short-
 []


Underfull \vbox (badness 1067) has occurred while \output is active []

 [37]
[38]
Overfull \hbox (0.52765pt too wide) in paragraph at lines 102--103
[]\T1/cmr/m/n/12 The link is for-ever as-so-ci-ated with (and per-haps plagued 
by) the foot-note. Theodor
 []

[39]
Underfull \vbox (badness 2538) has occurred while \output is active []

 [40]
[41] [42] [43]
Underfull \vbox (badness 1048) has occurred while \output is active []

 [44]
[45] [46] [47] [48]

LaTeX Warning: Command \textquoteleft invalid in math mode on input line 167.


LaTeX Warning: Command \textquoteright invalid in math mode on input line 167.

[49] [50]) [51] [52]
\openout2 = `chaps/chap2.aux'.

 (./chaps/chap2.tex
Chapter 3.
Package biblatex Info: Resetting trackers on input line 1.
[53



] [54] [55] [56] [57]
Underfull \vbox (badness 2318) has occurred while \output is active []

 [58]
Underfull \vbox (badness 10000) has occurred while \output is active []

 [59]
[60]

LaTeX Warning: Command \textquoteright invalid in math mode on input line 47.

[61] [62]
Underfull \vbox (badness 1062) has occurred while \output is active []

 [63]
Underfull \vbox (badness 10000) has occurred while \output is active []

 [64]

LaTeX Warning: Command \textquoteright invalid in math mode on input line 75.


LaTeX Warning: Command \textquoteright invalid in math mode on input line 79.


Underfull \vbox (badness 2707) has occurred while \output is active []

 [65]
[66]

LaTeX Warning: Command \textquoteright invalid in math mode on input line 89.

[67] [68]
Underfull \vbox (badness 5548) has occurred while \output is active []

 [69]
[70] [71] [72])
Underfull \vbox (badness 1596) has occurred while \output is active []

 [73]
[74]
\openout2 = `chaps/chap3.aux'.

 (./chaps/chap3.tex
Chapter 4.
Package biblatex Info: Resetting trackers on input line 1.
[75



]
Underfull \vbox (badness 1062) has occurred while \output is active []

 [76]
[77] [78]
Underfull \vbox (badness 4072) has occurred while \output is active []

 [79]
[80] [81] [82]
Underfull \vbox (badness 1033) has occurred while \output is active []

 [83]

LaTeX Warning: Command \textquoteright invalid in math mode on input line 50.


Underfull \vbox (badness 1048) has occurred while \output is active []

 [84]
Overfull \hbox (8.66339pt too wide) in paragraph at lines 54--55
[]\T1/cmr/m/n/12 Still, archives don't di-rectly drive clicks, and legacy pub-l
ish-ers have well-documented
 []

[85]

LaTeX Warning: Command \textquoteright invalid in math mode on input line 59.

[86] [87] [88]

LaTeX Warning: Command \textquoteright invalid in math mode on input line 78.


LaTeX Warning: Command \textquoteright invalid in math mode on input line 80.

[89]
Underfull \vbox (badness 1033) has occurred while \output is active []

 [90]
[91]
Underfull \vbox (badness 2875) has occurred while \output is active []

 [92]
Underfull \vbox (badness 1688) has occurred while \output is active []

 [93]
[94] [95] [96]
Underfull \vbox (badness 1478) has occurred while \output is active []

 [97]
[98]
Underfull \vbox (badness 7344) has occurred while \output is active []

 [99]
[100] [101]
LaTeX Font Info:    Font shape `OMS/cmr/m/n' in size <12> not available
(Font)              Font shape `OMS/cmsy/m/n' tried instead on input line 150.
 [102] [103]
Underfull \vbox (badness 1062) has occurred while \output is active []

 [104]
Underfull \vbox (badness 1810) has occurred while \output is active []

 [105]
Underfull \vbox (badness 4391) has occurred while \output is active []

 [106]
[107]
Underfull \vbox (badness 1048) has occurred while \output is active []

 [108]
Overfull \hbox (0.63637pt too wide) in paragraph at lines 188--189
[]\T1/cmr/m/n/12 These web-native and poly-hier-ar-chi-cal ap-proaches to clas-
si-fi-ca-tion re-flect the grow-
 []


Underfull \vbox (badness 10000) has occurred while \output is active []

 [109]
[110]) [111]
\openout2 = `chaps/chap4.aux'.

 (./chaps/chap4.tex [112



]
Chapter 5.
Package biblatex Info: Resetting trackers on input line 1.
[113] [114]
Underfull \vbox (badness 6364) has occurred while \output is active []

 [115]
Underfull \vbox (badness 2564) has occurred while \output is active []

 [116]
[117] [118] [119]
Underfull \vbox (badness 10000) has occurred while \output is active []

 [120]
[121] [122]
Underfull \vbox (badness 1596) has occurred while \output is active []

 [123]
[124] [125] [126]
Underfull \vbox (badness 3492) has occurred while \output is active []

 [127]
[128] [129]
Underfull \vbox (badness 1675) has occurred while \output is active []

 [130])
[131]
\openout2 = `chaps/conc.aux'.

 (./chaps/conc.tex [132



]
Chapter 6.
Package biblatex Info: Resetting trackers on input line 1.
[133] [134] [135]

LaTeX Warning: Command \textquoteright invalid in math mode on input line 21.


LaTeX Warning: Command \textquoteright invalid in math mode on input line 21.

[136] [137] [138] [139]
Underfull \vbox (badness 10000) has occurred while \output is active []

 [140]
[141]
Underfull \vbox (badness 1688) has occurred while \output is active []

 [142]
Underfull \vbox (badness 1048) has occurred while \output is active []

 [143]
[144]) [145]
\openout2 = `biblio/biblio.aux'.

 (./biblio/biblio.tex [146



] [147]

LaTeX Warning: Command \textquoteright invalid in math mode on input line 6.


Overfull \hbox (4.98703pt too wide) in paragraph at lines 7--7
[][]\T1/cmr/m/n/12 Beckett, Char-lie. ^^P  Ed-i-to-rial Di-ver-sity: Qual-ity N
et-worked Jour-nal-ism.^^Q Po-lis. March 15,
 []


Overfull \hbox (0.44905pt too wide) in paragraph at lines 7--7
[][]\T1/cmr/m/n/12 Bennett, Charles G. ^^P  Lind-say Warned on School Bud-get.^
^Q \T1/cmr/m/it/12 New York Times \T1/cmr/m/n/12 (March 14,
 []


LaTeX Warning: Command \textquoteright invalid in math mode on input line 6.

[148] [149]
Overfull \hbox (17.61649pt too wide) in paragraph at lines 7--7
\T1/cmr/m/n/12 1728. $\T1/cmtt/m/n/12 http : / / uwdc . library . wisc . edu / 
collections / HistSciTech / Cyclopaedia$\T1/cmr/m/n/12 . 
 []

[150]

LaTeX Warning: Command \textquoteright invalid in math mode on input line 6.


Overfull \hbox (12.77217pt too wide) in paragraph at lines 7--7
[][]\T1/cmr/m/n/12 Dahlgren, Pe-ter. ^^P  Me-dia Logic in Cy-berspace: Repo-si-
tion-ing Jour-nal-ism and its Publics.^^Q
 []

[151]
Overfull \hbox (12.70662pt too wide) in paragraph at lines 7--7
[][]\T1/cmr/m/n/12 Derrida, Jacques. ^^P  Archive Fever: A Freudian Im-pres-sio
n.^^Q Trans-lated by Eric Prenowitz.
 []


Overfull \hbox (1.5723pt too wide) in paragraph at lines 7--7
[][]\T1/cmr/m/n/12 Discovering and scor-ing re-la-tion-ships ex-tracted from hu
-man gen-er-ated lists US8108417
 []

[152]

LaTeX Warning: Command \textquoteright invalid in math mode on input line 6.

[153]
Overfull \hbox (7.07217pt too wide) in paragraph at lines 7--7
\T1/cmr/m/it/12 The Guardian \T1/cmr/m/n/12 (June 6, 2014). Ac-cessed April 19,
 2015. $\T1/cmtt/m/n/12 http : / / www . theguardian .
 []


LaTeX Warning: Command \textquoteright invalid in math mode on input line 6.

[154]
Overfull \hbox (1.2224pt too wide) in paragraph at lines 7--7
[][]\T1/cmr/m/n/12 Holovaty, Adrian. ^^P  A fun-da-men-tal way news-pa-per site
s need to change.^^Q Holo-vaty.com.
 []


LaTeX Warning: Command \textquoteright invalid in math mode on input line 6.


Overfull \hbox (17.1928pt too wide) in paragraph at lines 7--7
\T1/cmr/m/n/12 guide-picking-perfect-pair-socks/.^^Q @ben-nyjohn-son. July 23, 
2014. Ac-cessed April 19,
 []

[155] [156]
Overfull \hbox (13.79643pt too wide) in paragraph at lines 7--7
\T1/cmr/m/n/12 Ac-cessed March 15, 2015. $\T1/cmtt/m/n/12 http : / / www . vox 
. com / cards / marijuana -[] legalization$\T1/cmr/m/n/12 . 
 []

[157]
Overfull \hbox (8.51512pt too wide) in paragraph at lines 7--7
\T1/cmr/m/n/12 2015. Ac-cessed April 20, 2015. $\T1/cmtt/m/n/12 http : / / www 
. npr . org / blogs / alltechconsidered /
 []

[158]

LaTeX Warning: Command \textquoteright invalid in math mode on input line 6.


LaTeX Warning: Command \textquoteleft invalid in math mode on input line 6.


LaTeX Warning: Command \textquoteright invalid in math mode on input line 6.

[159]

LaTeX Warning: Command \textquoteright invalid in math mode on input line 6.


Overfull \hbox (4.1796pt too wide) in paragraph at lines 7--7
\T1/cmr/m/it/12 Com-put-ing \T1/cmr/m/n/12 Work-ing Pa-per RWP07-022. Cam-bridg
e, MA: John F. Kennedy School
 []

[160] [161]
Overfull \hbox (45.56534pt too wide) in paragraph at lines 7--7
[][]\T1/cmr/m/n/12 Trevino, James, and Do-erte Doeme-land. \T1/cmr/m/it/12 Whic
h World Bank re-ports are widely read? \T1/cmr/m/n/12 WPS6851.
 []


LaTeX Warning: Command \textquoteright invalid in math mode on input line 6.

[162]
Overfull \hbox (1.85574pt too wide) in paragraph at lines 7--7
[][]\T1/cmr/m/n/12 Yglesias, Matthew. ^^P  Re-fresh-ing the ev-er-green.^^Q Vox
. Jan-uary 15, 2015. Ac-cessed Febru-
 []


Overfull \hbox (11.52904pt too wide) in paragraph at lines 7--7
[][]\T1/cmr/m/n/12 Zittrain, Jonathan. \T1/cmr/m/it/12 The Fourth Quad-rant\T1/
cmr/m/n/12 . SSRN Schol-arly Pa-per ID 1618042. Rochester,
 []

[163]) [164] (./thesis.aux (./front/cover.aux) (./front/toc.aux)
(./chaps/preface.aux) (./chaps/intro.aux) (./chaps/chap1.aux)
(./chaps/chap2.aux) (./chaps/chap3.aux) (./chaps/chap4.aux) (./chaps/conc.aux)
(./biblio/biblio.aux))
Package logreq Info: Writing requests to 'thesis.run.xml'.
\openout1 = `thesis.run.xml'.

 ) 
Here is how much of TeX's memory you used:
 9326 strings out of 493117
 170122 string characters out of 6135433
 750358 words of memory out of 5000000
 12601 multiletter control sequences out of 15000+600000
 17099 words of font info for 39 fonts, out of 8000000 for 9000
 1141 hyphenation exceptions out of 8191
 52i,7n,80p,3009b,1606s stack positions out of 5000i,500n,10000p,200000b,80000s
{/usr/local/texlive/2014/texmf-dist/fonts/enc/dvips/cm-super/cm-super-t1.enc}
</usr/local/texlive/2014/texmf-dist/fonts/type1/public/amsfonts/cm/cmr10.pfb></
usr/local/texlive/2014/texmf-dist/fonts/type1/public/amsfonts/cm/cmr12.pfb></us
r/local/texlive/2014/texmf-dist/fonts/type1/public/amsfonts/cm/cmsy10.pfb></usr
/local/texlive/2014/texmf-dist/fonts/type1/public/amsfonts/cm/cmsy7.pfb></usr/l
ocal/texlive/2014/texmf-dist/fonts/type1/public/amsfonts/cm/cmsy8.pfb></usr/loc
al/texlive/2014/texmf-dist/fonts/type1/public/cm-super/sfbx1200.pfb></usr/local
/texlive/2014/texmf-dist/fonts/type1/public/cm-super/sfbx1440.pfb></usr/local/t
exlive/2014/texmf-dist/fonts/type1/public/cm-super/sfbx1728.pfb></usr/local/tex
live/2014/texmf-dist/fonts/type1/public/cm-super/sfbx2488.pfb></usr/local/texli
ve/2014/texmf-dist/fonts/type1/public/cm-super/sfrm0800.pfb></usr/local/texlive
/2014/texmf-dist/fonts/type1/public/cm-super/sfrm1000.pfb></usr/local/texlive/2
014/texmf-dist/fonts/type1/public/cm-super/sfrm1200.pfb></usr/local/texlive/201
4/texmf-dist/fonts/type1/public/cm-super/sfrm1440.pfb></usr/local/texlive/2014/
texmf-dist/fonts/type1/public/cm-super/sfrm1728.pfb></usr/local/texlive/2014/te
xmf-dist/fonts/type1/public/cm-super/sfti1000.pfb></usr/local/texlive/2014/texm
f-dist/fonts/type1/public/cm-super/sfti1200.pfb></usr/local/texlive/2014/texmf-
dist/fonts/type1/public/cm-super/sftt1000.pfb></usr/local/texlive/2014/texmf-di
st/fonts/type1/public/cm-super/sftt1200.pfb>
Output written on thesis.pdf (164 pages, 772417 bytes).
PDF statistics:
 612 PDF objects out of 1000 (max. 8388607)
 418 compressed objects within 5 object streams
 0 named destinations out of 1000 (max. 500000)
 21 words of extra memory for PDF output out of 10000 (max. 10000000)

